MJPG Streamer Version.: 2.0
 i: Using V4L2 device.: /dev/video2
 i: Desired Resolution: 352 x 288
 i: Frames Per Second.: 5
 i: Format............: MJPG
 o: www-folder-path...: ./www/
 o: HTTP TCP port.....: 8080
 o: username:password.: disabled
 o: commands..........: enabled
Ignoring empty buffer ...
Ignoring empty buffer ...
Ignoring empty buffer ...
Ignoring empty buffer ...
Unable to dequeue buffer: Invalid argument
 i: Error grabbing frames
nohup: can't execute 'start_uvc.sh': No such file or directory
MJPG Streamer Version.: 2.0
 i: Using V4L2 device.: /dev/video2
 i: Desired Resolution: 352 x 288
 i: Frames Per Second.: 5
 i: Format............: MJPG
 o: www-folder-path...: ./www/
 o: HTTP TCP port.....: 8080
 o: username:password.: disabled
 o: commands..........: enabled
